2021-12-28 20:14:28,319 ERROR: 
Exception on /auth/register [POST] [in /home/jagdpanther/EPAM/snaketests/venv/lib/python3.8/site-packages/flask/app.py:1457]
Traceback (most recent call last):
  File "/home/jagdpanther/EPAM/snaketests/venv/lib/python3.8/site-packages/sqlalchemy/engine/base.py", line 1802, in _execute_context
    self.dialect.do_execute(
  File "/home/jagdpanther/EPAM/snaketests/venv/lib/python3.8/site-packages/sqlalchemy/engine/default.py", line 719, in do_execute
    cursor.execute(statement, parameters)
psycopg2.errors.UniqueViolation: duplicate key value violates unique constraint "user_username_key"
DETAIL:  Key (username)=(mailer) already exists.


The above exception was the direct cause of the following exception:

Traceback (most recent call last):
  File "/home/jagdpanther/EPAM/snaketests/venv/lib/python3.8/site-packages/flask/app.py", line 2073, in wsgi_app
    response = self.full_dispatch_request()
  File "/home/jagdpanther/EPAM/snaketests/venv/lib/python3.8/site-packages/flask/app.py", line 1518, in full_dispatch_request
    rv = self.handle_user_exception(e)
  File "/home/jagdpanther/EPAM/snaketests/venv/lib/python3.8/site-packages/flask_restful/__init__.py", line 271, in error_router
    return original_handler(e)
  File "/home/jagdpanther/EPAM/snaketests/venv/lib/python3.8/site-packages/flask_restful/__init__.py", line 271, in error_router
    return original_handler(e)
  File "/home/jagdpanther/EPAM/snaketests/venv/lib/python3.8/site-packages/flask/app.py", line 1516, in full_dispatch_request
    rv = self.dispatch_request()
  File "/home/jagdpanther/EPAM/snaketests/venv/lib/python3.8/site-packages/flask/app.py", line 1502, in dispatch_request
    return self.ensure_sync(self.view_functions[rule.endpoint])(**req.view_args)
  File "/home/jagdpanther/EPAM/snaketests/src/auth/routes.py", line 23, in register_page
    db.session.commit()
  File "<string>", line 2, in commit
  File "/home/jagdpanther/EPAM/snaketests/venv/lib/python3.8/site-packages/sqlalchemy/orm/session.py", line 1428, in commit
    self._transaction.commit(_to_root=self.future)
  File "/home/jagdpanther/EPAM/snaketests/venv/lib/python3.8/site-packages/sqlalchemy/orm/session.py", line 829, in commit
    self._prepare_impl()
  File "/home/jagdpanther/EPAM/snaketests/venv/lib/python3.8/site-packages/sqlalchemy/orm/session.py", line 808, in _prepare_impl
    self.session.flush()
  File "/home/jagdpanther/EPAM/snaketests/venv/lib/python3.8/site-packages/sqlalchemy/orm/session.py", line 3345, in flush
    self._flush(objects)
  File "/home/jagdpanther/EPAM/snaketests/venv/lib/python3.8/site-packages/sqlalchemy/orm/session.py", line 3485, in _flush
    transaction.rollback(_capture_exception=True)
  File "/home/jagdpanther/EPAM/snaketests/venv/lib/python3.8/site-packages/sqlalchemy/util/langhelpers.py", line 70, in __exit__
    compat.raise_(
  File "/home/jagdpanther/EPAM/snaketests/venv/lib/python3.8/site-packages/sqlalchemy/util/compat.py", line 207, in raise_
    raise exception
  File "/home/jagdpanther/EPAM/snaketests/venv/lib/python3.8/site-packages/sqlalchemy/orm/session.py", line 3445, in _flush
    flush_context.execute()
  File "/home/jagdpanther/EPAM/snaketests/venv/lib/python3.8/site-packages/sqlalchemy/orm/unitofwork.py", line 456, in execute
    rec.execute(self)
  File "/home/jagdpanther/EPAM/snaketests/venv/lib/python3.8/site-packages/sqlalchemy/orm/unitofwork.py", line 630, in execute
    util.preloaded.orm_persistence.save_obj(
  File "/home/jagdpanther/EPAM/snaketests/venv/lib/python3.8/site-packages/sqlalchemy/orm/persistence.py", line 244, in save_obj
    _emit_insert_statements(
  File "/home/jagdpanther/EPAM/snaketests/venv/lib/python3.8/site-packages/sqlalchemy/orm/persistence.py", line 1221, in _emit_insert_statements
    result = connection._execute_20(
  File "/home/jagdpanther/EPAM/snaketests/venv/lib/python3.8/site-packages/sqlalchemy/engine/base.py", line 1614, in _execute_20
    return meth(self, args_10style, kwargs_10style, execution_options)
  File "/home/jagdpanther/EPAM/snaketests/venv/lib/python3.8/site-packages/sqlalchemy/sql/elements.py", line 325, in _execute_on_connection
    return connection._execute_clauseelement(
  File "/home/jagdpanther/EPAM/snaketests/venv/lib/python3.8/site-packages/sqlalchemy/engine/base.py", line 1481, in _execute_clauseelement
    ret = self._execute_context(
  File "/home/jagdpanther/EPAM/snaketests/venv/lib/python3.8/site-packages/sqlalchemy/engine/base.py", line 1845, in _execute_context
    self._handle_dbapi_exception(
  File "/home/jagdpanther/EPAM/snaketests/venv/lib/python3.8/site-packages/sqlalchemy/engine/base.py", line 2026, in _handle_dbapi_exception
    util.raise_(
  File "/home/jagdpanther/EPAM/snaketests/venv/lib/python3.8/site-packages/sqlalchemy/util/compat.py", line 207, in raise_
    raise exception
  File "/home/jagdpanther/EPAM/snaketests/venv/lib/python3.8/site-packages/sqlalchemy/engine/base.py", line 1802, in _execute_context
    self.dialect.do_execute(
  File "/home/jagdpanther/EPAM/snaketests/venv/lib/python3.8/site-packages/sqlalchemy/engine/default.py", line 719, in do_execute
    cursor.execute(statement, parameters)
sqlalchemy.exc.IntegrityError: (psycopg2.errors.UniqueViolation) duplicate key value violates unique constraint "user_username_key"
DETAIL:  Key (username)=(mailer) already exists.

[SQL: INSERT INTO "user" (uuid, first_name, last_name, username, email, image, password_hash, is_superuser) VALUES (%(uuid)s, %(first_name)s, %(last_name)s, %(username)s, %(email)s, %(image)s, %(password_hash)s, %(is_superuser)s) RETURNING "user".id]
[parameters: {'uuid': UUID('f2700419-8f0f-49bd-ad5b-7bfe82a37f18'), 'first_name': '', 'last_name': '', 'username': 'mailer', 'email': 'tewtew@ggg.ttt', 'image': 'default.png', 'password_hash': '$2b$12$r.HaWi7VW3VctxHI9DE9Be33X8SE5jrsG6FwMASzrf7RC2hT65CEa', 'is_superuser': False}]
(Background on this error at: https://sqlalche.me/e/14/gkpj)
